# JRE version: OpenJDK Runtime Environment (23.0.2+7) (build 23.0.2+7-58)
# Java VM: OpenJDK 64-Bit Server VM (23.0.2+7-58, mixed mode, emulated-client, sharing, tiered, compressed oops, compressed class ptrs, g1 gc, windows-amd64)
GC Precious Log:
 CardTable entry size: 512
 Card Set container configuration: InlinePtr #cards 4 size 8 Array Of Cards #cards 16 size 48 Howl #buckets 8 coarsen threshold 3686 Howl Bitmap #cards 512 size 80 coarsen threshold 460 Card regions per heap region 1 cards per card region 4096
 CPUs: 14 total, 14 available
 Memory: 15836M
 Large Page Support: Disabled
 NUMA Support: Disabled
 Compressed Oops: Enabled (Zero based)
 Heap Region Size: 2M
 Heap Min Capacity: 8M
 Heap Initial Capacity: 248M
 Heap Max Capacity: 3960M
 Pre-touch: Disabled
 Parallel Workers: 11
 Concurrent Workers: 3
 Concurrent Refinement Workers: 11
 Periodic GC: Disabled
Heap:
 garbage-first heap   total reserved 4055040K, committed 151552K, used 92731K [0x0000000708800000, 0x0000000800000000)
  region size 2048K, 5 young (10240K), 1 survivors (2048K)
 Metaspace       used 77471K, committed 78272K, reserved 1179648K
  class space    used 11577K, committed 11904K, reserved 1048576K
GC Heap History (20 events):
Event: 3.952 GC heap before
{Heap before GC invocations=11 (full 0):
 garbage-first heap   total reserved 4055040K, committed 81920K, used 56856K [0x0000000708800000, 0x0000000800000000)
  region size 2048K, 19 young (38912K), 3 survivors (6144K)
 Metaspace       used 59740K, committed 60416K, reserved 1114112K
  class space    used 8721K, committed 9024K, reserved 1048576K
}
Event: 3.957 GC heap after
{Heap after GC invocations=12 (full 0):
 garbage-first heap   total reserved 4055040K, committed 81920K, used 28817K [0x0000000708800000, 0x0000000800000000)
  region size 2048K, 3 young (6144K), 3 survivors (6144K)
 Metaspace       used 59740K, committed 60416K, reserved 1114112K
  class space    used 8721K, committed 9024K, reserved 1048576K
}
Event: 4.103 GC heap before
{Heap before GC invocations=13 (full 0):
 garbage-first heap   total reserved 4055040K, committed 81920K, used 67729K [0x0000000708800000, 0x0000000800000000)
  region size 2048K, 22 young (45056K), 3 survivors (6144K)
 Metaspace       used 60881K, committed 61568K, reserved 1114112K
  class space    used 9111K, committed 9408K, reserved 1048576K
}
Event: 4.108 GC heap after
{Heap after GC invocations=14 (full 0):
 garbage-first heap   total reserved 4055040K, committed 81920K, used 33358K [0x0000000708800000, 0x0000000800000000)
  region size 2048K, 3 young (6144K), 3 survivors (6144K)
 Metaspace       used 60881K, committed 61568K, reserved 1114112K
  class space    used 9111K, committed 9408K, reserved 1048576K
}
Event: 4.164 GC heap before
{Heap before GC invocations=14 (full 0):
 garbage-first heap   total reserved 4055040K, committed 81920K, used 68174K [0x0000000708800000, 0x0000000800000000)
  region size 2048K, 20 young (40960K), 3 survivors (6144K)
 Metaspace       used 60888K, committed 61568K, reserved 1114112K
  class space    used 9111K, committed 9408K, reserved 1048576K
}
Event: 4.169 GC heap after
{Heap after GC invocations=15 (full 0):
 garbage-first heap   total reserved 4055040K, committed 81920K, used 35212K [0x0000000708800000, 0x0000000800000000)
  region size 2048K, 2 young (4096K), 2 survivors (4096K)
 Metaspace       used 60888K, committed 61568K, reserved 1114112K
  class space    used 9111K, committed 9408K, reserved 1048576K
}
Event: 4.292 GC heap before
{Heap before GC invocations=15 (full 0):
 garbage-first heap   total reserved 4055040K, committed 81920K, used 67980K [0x0000000708800000, 0x0000000800000000)
  region size 2048K, 18 young (36864K), 2 survivors (4096K)
 Metaspace       used 62583K, committed 63296K, reserved 1114112K
  class space    used 9488K, committed 9792K, reserved 1048576K
}
Event: 4.297 GC heap after
{Heap after GC invocations=16 (full 0):
 garbage-first heap   total reserved 4055040K, committed 81920K, used 42304K [0x0000000708800000, 0x0000000800000000)
  region size 2048K, 3 young (6144K), 3 survivors (6144K)
 Metaspace       used 62583K, committed 63296K, reserved 1114112K
  class space    used 9488K, committed 9792K, reserved 1048576K
}
Event: 4.327 GC heap before
{Heap before GC invocations=16 (full 0):
 garbage-first heap   total reserved 4055040K, committed 81920K, used 66880K [0x0000000708800000, 0x0000000800000000)
  region size 2048K, 16 young (32768K), 3 survivors (6144K)
 Metaspace       used 62589K, committed 63296K, reserved 1114112K
  class space    used 9488K, committed 9792K, reserved 1048576K
}
Event: 4.332 GC heap after
{Heap after GC invocations=17 (full 0):
 garbage-first heap   total reserved 4055040K, committed 116736K, used 46921K [0x0000000708800000, 0x0000000800000000)
  region size 2048K, 2 young (4096K), 2 survivors (4096K)
 Metaspace       used 62589K, committed 63296K, reserved 1114112K
  class space    used 9488K, committed 9792K, reserved 1048576K
}
Event: 4.408 GC heap before
{Heap before GC invocations=17 (full 0):
 garbage-first heap   total reserved 4055040K, committed 116736K, used 91977K [0x0000000708800000, 0x0000000800000000)
  region size 2048K, 24 young (49152K), 2 survivors (4096K)
 Metaspace       used 62591K, committed 63296K, reserved 1114112K
  class space    used 9488K, committed 9792K, reserved 1048576K
}
Event: 4.412 GC heap after
{Heap after GC invocations=18 (full 0):
 garbage-first heap   total reserved 4055040K, committed 116736K, used 51152K [0x0000000708800000, 0x0000000800000000)
  region size 2048K, 3 young (6144K), 3 survivors (6144K)
 Metaspace       used 62591K, committed 63296K, reserved 1114112K
  class space    used 9488K, committed 9792K, reserved 1048576K
}
Event: 4.519 GC heap before
{Heap before GC invocations=18 (full 0):
 garbage-first heap   total reserved 4055040K, committed 116736K, used 94160K [0x0000000708800000, 0x0000000800000000)
  region size 2048K, 24 young (49152K), 3 survivors (6144K)
 Metaspace       used 64094K, committed 64768K, reserved 1114112K
  class space    used 9687K, committed 9984K, reserved 1048576K
}
Event: 4.522 GC heap after
{Heap after GC invocations=19 (full 0):
 garbage-first heap   total reserved 4055040K, committed 116736K, used 52093K [0x0000000708800000, 0x0000000800000000)
  region size 2048K, 1 young (2048K), 1 survivors (2048K)
 Metaspace       used 64094K, committed 64768K, reserved 1114112K
  class space    used 9687K, committed 9984K, reserved 1048576K
}
Event: 5.065 GC heap before
{Heap before GC invocations=19 (full 0):
 garbage-first heap   total reserved 4055040K, committed 116736K, used 97149K [0x0000000708800000, 0x0000000800000000)
  region size 2048K, 23 young (47104K), 1 survivors (2048K)
 Metaspace       used 68243K, committed 68928K, reserved 1114112K
  class space    used 10309K, committed 10624K, reserved 1048576K
}
Event: 5.069 GC heap after
{Heap after GC invocations=20 (full 0):
 garbage-first heap   total reserved 4055040K, committed 116736K, used 55536K [0x0000000708800000, 0x0000000800000000)
  region size 2048K, 3 young (6144K), 3 survivors (6144K)
 Metaspace       used 68243K, committed 68928K, reserved 1114112K
  class space    used 10309K, committed 10624K, reserved 1048576K
}
Event: 11.340 GC heap before
{Heap before GC invocations=20 (full 0):
 garbage-first heap   total reserved 4055040K, committed 116736K, used 96496K [0x0000000708800000, 0x0000000800000000)
  region size 2048K, 24 young (49152K), 3 survivors (6144K)
 Metaspace       used 77470K, committed 78272K, reserved 1179648K
  class space    used 11576K, committed 11904K, reserved 1048576K
}
Event: 11.345 GC heap after
{Heap after GC invocations=21 (full 0):
 garbage-first heap   total reserved 4055040K, committed 116736K, used 59958K [0x0000000708800000, 0x0000000800000000)
  region size 2048K, 3 young (6144K), 3 survivors (6144K)
 Metaspace       used 77470K, committed 78272K, reserved 1179648K
  class space    used 11576K, committed 11904K, reserved 1048576K
}
Event: 11.346 GC heap before
{Heap before GC invocations=21 (full 0):
 garbage-first heap   total reserved 4055040K, committed 116736K, used 59958K [0x0000000708800000, 0x0000000800000000)
  region size 2048K, 4 young (8192K), 3 survivors (6144K)
 Metaspace       used 77470K, committed 78272K, reserved 1179648K
  class space    used 11576K, committed 11904K, reserved 1048576K
}
Event: 11.348 GC heap after
{Heap after GC invocations=22 (full 0):
 garbage-first heap   total reserved 4055040K, committed 116736K, used 59963K [0x0000000708800000, 0x0000000800000000)
  region size 2048K, 1 young (2048K), 1 survivors (2048K)
 Metaspace       used 77470K, committed 78272K, reserved 1179648K
  class space    used 11576K, committed 11904K, reserved 1048576K
}

