# JRE version: OpenJDK Runtime Environment Corretto-21.0.7.6.1 (21.0.7+6) (build 21.0.7+6-LTS)
# Java VM: OpenJDK 64-Bit Server VM Corretto-21.0.7.6.1 (21.0.7+6-LTS, mixed mode, emulated-client, sharing, tiered, compressed oops, compressed class ptrs, g1 gc, windows-amd64)
GC Precious Log:
 CardTable entry size: 512
 Card Set container configuration: InlinePtr #cards 4 size 8 Array Of Cards #cards 16 size 48 Howl #buckets 8 coarsen threshold 3686 Howl Bitmap #cards 512 size 80 coarsen threshold 460 Card regions per heap region 1 cards per card region 4096
 CPUs: 14 total, 14 available
 Memory: 15836M
 Large Page Support: Disabled
 NUMA Support: Disabled
 Compressed Oops: Enabled (Zero based)
 Heap Region Size: 2M
 Heap Min Capacity: 8M
 Heap Initial Capacity: 248M
 Heap Max Capacity: 3960M
 Pre-touch: Disabled
 Parallel Workers: 11
 Concurrent Workers: 3
 Concurrent Refinement Workers: 11
 Periodic GC: Disabled
Heap:
 garbage-first heap   total 417792K, used 128953K [0x0000000708800000, 0x0000000800000000)
  region size 2048K, 14 young (28672K), 10 survivors (20480K)
 Metaspace       used 93207K, committed 94080K, reserved 1179648K
  class space    used 13427K, committed 13824K, reserved 1048576K
GC Heap History (20 events):
Event: 9094.320 GC heap before
{Heap before GC invocations=342 (full 2):
 garbage-first heap   total 413696K, used 146135K [0x0000000708800000, 0x0000000800000000)
  region size 2048K, 32 young (65536K), 9 survivors (18432K)
 Metaspace       used 93220K, committed 94080K, reserved 1179648K
  class space    used 13430K, committed 13824K, reserved 1048576K
}
Event: 9094.328 GC heap after
{Heap after GC invocations=343 (full 2):
 garbage-first heap   total 413696K, used 97919K [0x0000000708800000, 0x0000000800000000)
  region size 2048K, 10 young (20480K), 10 survivors (20480K)
 Metaspace       used 93220K, committed 94080K, reserved 1179648K
  class space    used 13430K, committed 13824K, reserved 1048576K
}
Event: 9101.424 GC heap before
{Heap before GC invocations=344 (full 2):
 garbage-first heap   total 413696K, used 380543K [0x0000000708800000, 0x0000000800000000)
  region size 2048K, 121 young (247808K), 10 survivors (20480K)
 Metaspace       used 93220K, committed 94080K, reserved 1179648K
  class space    used 13430K, committed 13824K, reserved 1048576K
}
Event: 9101.433 GC heap after
{Heap after GC invocations=345 (full 2):
 garbage-first heap   total 415744K, used 105545K [0x0000000708800000, 0x0000000800000000)
  region size 2048K, 11 young (22528K), 11 survivors (22528K)
 Metaspace       used 93220K, committed 94080K, reserved 1179648K
  class space    used 13430K, committed 13824K, reserved 1048576K
}
Event: 9108.227 GC heap before
{Heap before GC invocations=345 (full 2):
 garbage-first heap   total 415744K, used 359497K [0x0000000708800000, 0x0000000800000000)
  region size 2048K, 121 young (247808K), 11 survivors (22528K)
 Metaspace       used 93220K, committed 94080K, reserved 1179648K
  class space    used 13430K, committed 13824K, reserved 1048576K
}
Event: 9108.236 GC heap after
{Heap after GC invocations=346 (full 2):
 garbage-first heap   total 415744K, used 104176K [0x0000000708800000, 0x0000000800000000)
  region size 2048K, 9 young (18432K), 9 survivors (18432K)
 Metaspace       used 93220K, committed 94080K, reserved 1179648K
  class space    used 13430K, committed 13824K, reserved 1048576K
}
Event: 9112.194 GC heap before
{Heap before GC invocations=346 (full 2):
 garbage-first heap   total 415744K, used 153328K [0x0000000708800000, 0x0000000800000000)
  region size 2048K, 34 young (69632K), 9 survivors (18432K)
 Metaspace       used 93220K, committed 94080K, reserved 1179648K
  class space    used 13430K, committed 13824K, reserved 1048576K
}
Event: 9112.201 GC heap after
{Heap after GC invocations=347 (full 2):
 garbage-first heap   total 415744K, used 100580K [0x0000000708800000, 0x0000000800000000)
  region size 2048K, 10 young (20480K), 10 survivors (20480K)
 Metaspace       used 93220K, committed 94080K, reserved 1179648K
  class space    used 13430K, committed 13824K, reserved 1048576K
}
Event: 9119.146 GC heap before
{Heap before GC invocations=348 (full 2):
 garbage-first heap   total 415744K, used 387300K [0x0000000708800000, 0x0000000800000000)
  region size 2048K, 121 young (247808K), 10 survivors (20480K)
 Metaspace       used 93220K, committed 94080K, reserved 1179648K
  class space    used 13430K, committed 13824K, reserved 1048576K
}
Event: 9119.154 GC heap after
{Heap after GC invocations=349 (full 2):
 garbage-first heap   total 417792K, used 108240K [0x0000000708800000, 0x0000000800000000)
  region size 2048K, 9 young (18432K), 9 survivors (18432K)
 Metaspace       used 93220K, committed 94080K, reserved 1179648K
  class space    used 13430K, committed 13824K, reserved 1048576K
}
Event: 9126.101 GC heap before
{Heap before GC invocations=349 (full 2):
 garbage-first heap   total 417792K, used 368336K [0x0000000708800000, 0x0000000800000000)
  region size 2048K, 122 young (249856K), 9 survivors (18432K)
 Metaspace       used 93220K, committed 94080K, reserved 1179648K
  class space    used 13430K, committed 13824K, reserved 1048576K
}
Event: 9126.109 GC heap after
{Heap after GC invocations=350 (full 2):
 garbage-first heap   total 417792K, used 106417K [0x0000000708800000, 0x0000000800000000)
  region size 2048K, 11 young (22528K), 11 survivors (22528K)
 Metaspace       used 93220K, committed 94080K, reserved 1179648K
  class space    used 13430K, committed 13824K, reserved 1048576K
}
Event: 9130.685 GC heap before
{Heap before GC invocations=350 (full 2):
 garbage-first heap   total 417792K, used 147377K [0x0000000708800000, 0x0000000800000000)
  region size 2048K, 32 young (65536K), 11 survivors (22528K)
 Metaspace       used 93220K, committed 94080K, reserved 1179648K
  class space    used 13430K, committed 13824K, reserved 1048576K
}
Event: 9130.692 GC heap after
{Heap after GC invocations=351 (full 2):
 garbage-first heap   total 417792K, used 104099K [0x0000000708800000, 0x0000000800000000)
  region size 2048K, 10 young (20480K), 10 survivors (20480K)
 Metaspace       used 93220K, committed 94080K, reserved 1179648K
  class space    used 13430K, committed 13824K, reserved 1048576K
}
Event: 9137.894 GC heap before
{Heap before GC invocations=352 (full 2):
 garbage-first heap   total 417792K, used 386723K [0x0000000708800000, 0x0000000800000000)
  region size 2048K, 122 young (249856K), 10 survivors (20480K)
 Metaspace       used 93207K, committed 94080K, reserved 1179648K
  class space    used 13427K, committed 13824K, reserved 1048576K
}
Event: 9137.900 GC heap after
{Heap after GC invocations=353 (full 2):
 garbage-first heap   total 417792K, used 104160K [0x0000000708800000, 0x0000000800000000)
  region size 2048K, 11 young (22528K), 11 survivors (22528K)
 Metaspace       used 93207K, committed 94080K, reserved 1179648K
  class space    used 13427K, committed 13824K, reserved 1048576K
}
Event: 9144.844 GC heap before
{Heap before GC invocations=353 (full 2):
 garbage-first heap   total 417792K, used 360160K [0x0000000708800000, 0x0000000800000000)
  region size 2048K, 122 young (249856K), 11 survivors (22528K)
 Metaspace       used 93207K, committed 94080K, reserved 1179648K
  class space    used 13427K, committed 13824K, reserved 1048576K
}
Event: 9144.852 GC heap after
{Heap after GC invocations=354 (full 2):
 garbage-first heap   total 417792K, used 98334K [0x0000000708800000, 0x0000000800000000)
  region size 2048K, 9 young (18432K), 9 survivors (18432K)
 Metaspace       used 93207K, committed 94080K, reserved 1179648K
  class space    used 13427K, committed 13824K, reserved 1048576K
}
Event: 9148.625 GC heap before
{Heap before GC invocations=354 (full 2):
 garbage-first heap   total 417792K, used 139294K [0x0000000708800000, 0x0000000800000000)
  region size 2048K, 31 young (63488K), 9 survivors (18432K)
 Metaspace       used 93207K, committed 94080K, reserved 1179648K
  class space    used 13427K, committed 13824K, reserved 1048576K
}
Event: 9148.631 GC heap after
{Heap after GC invocations=355 (full 2):
 garbage-first heap   total 417792K, used 96185K [0x0000000708800000, 0x0000000800000000)
  region size 2048K, 10 young (20480K), 10 survivors (20480K)
 Metaspace       used 93207K, committed 94080K, reserved 1179648K
  class space    used 13427K, committed 13824K, reserved 1048576K
}

